#
# There is insufficient memory for the Java Runtime Environment to continue.
# Native memory allocation (malloc) failed to allocate 2097152 bytes for AllocateHeap
# Possible reasons:
#   The system is out of physical RAM or swap space
#   The process is running with CompressedOops enabled, and the Java Heap may be blocking the growth of the native heap
# Possible solutions:
#   Reduce memory load on the system
#   Increase physical memory or swap space
#   Check if swap backing store is full
#   Decrease Java heap size (-Xmx/-Xms)
#   Decrease number of Java threads
#   Decrease Java thread stack sizes (-Xss)
#   Set larger code cache with -XX:ReservedCodeCacheSize=
#   JVM is running with Unscaled Compressed Oops mode in which the Java heap is
#     placed in the first 4GB address space. The Java Heap base address is the
#     maximum limit for the native heap growth. Please use -XX:HeapBaseMinAddress
#     to set the Java Heap base and to place the Java Heap above 4GB virtual address.
# This output file may be truncated or incomplete.
#
#  Out of Memory Error (allocation.cpp:44), pid=16572, tid=16356
#
# JRE version: OpenJDK Runtime Environment Temurin-17.0.9+9 (17.0.9+9) (build 17.0.9+9)
# Java VM: OpenJDK 64-Bit Server VM Temurin-17.0.9+9 (17.0.9+9, mixed mode, emulated-client, tiered, compressed oops, compressed class ptrs, g1 gc, windows-amd64)
# No core dump will be written. Minidumps are not enabled by default on client versions of Windows
#

---------------  S U M M A R Y ------------

Command Line: -XX:+HeapDumpOnOutOfMemoryError -Xmx1024m -Dsts.lsp.client=vscode -Dsts.log.file=/dev/null -XX:TieredStopAtLevel=1 -Xlog:jni+resolve=off -Dspring.config.location=file:c:\Users\Utente\.vscode\extensions\vmware.vscode-spring-boot-1.51.0\language-server\BOOT-INF\classes\application.properties org.springframework.ide.vscode.boot.app.BootLanguageServerBootApp

Host: AMD Ryzen 5 5500U with Radeon Graphics         , 12 cores, 13G,  Windows 11 , 64 bit Build 22621 (10.0.22621.2506)
Time: Wed Jan  3 20:06:11 2024 ora solare Europa occidentale elapsed time: 435640.967142 seconds (5d 1h 0m 40s)

---------------  T H R E A D  ---------------

Current thread (0x0000029562b99710):  VMThread "VM Thread" [stack: 0x0000009871a00000,0x0000009871b00000] [id=16356]

Stack: [0x0000009871a00000,0x0000009871b00000]
Native frames: (J=compiled Java code, j=interpreted, Vv=VM code, C=native code)
V  [jvm.dll+0x67cf49]
V  [jvm.dll+0x83478a]
V  [jvm.dll+0x83624e]
V  [jvm.dll+0x8368b3]
V  [jvm.dll+0x247f1f]
V  [jvm.dll+0xa6b4b]
V  [jvm.dll+0x2f8f01]
V  [jvm.dll+0x2f4af0]
V  [jvm.dll+0x2dd0d7]
V  [jvm.dll+0x320357]
V  [jvm.dll+0x83adab]
V  [jvm.dll+0x83baf1]
V  [jvm.dll+0x83c00d]
V  [jvm.dll+0x83c3e4]
V  [jvm.dll+0x83c4b0]
V  [jvm.dll+0x7e3c3a]
V  [jvm.dll+0x67be35]
C  [ucrtbase.dll+0x29363]
C  [KERNEL32.DLL+0x1257d]
C  [ntdll.dll+0x5aa58]

VM_Operation (0x00000098735feca0): G1CollectFull, mode: safepoint, requested by thread 0x0000029562e24cf0


---------------  P R O C E S S  ---------------

Threads class SMR info:
_java_thread_list=0x0000029562d187b0, length=31, elements={
0x0000029562bbb780, 0x0000029562bbe610, 0x00000295622da510, 0x00000295622dc2b0,
0x00000295622de090, 0x00000295622de960, 0x0000029562c11650, 0x0000029562c1dea0,
0x0000029562e27f90, 0x0000029562e27060, 0x0000029562e27570, 0x0000029562e24cf0,
0x0000029562e25710, 0x0000029562e27a80, 0x0000029562e247e0, 0x0000029562e25200,
0x0000029562e26b50, 0x0000029567b43590, 0x0000029567b43aa0, 0x0000029567b40800,
0x0000029567b42b70, 0x0000029567b42660, 0x0000029567b40d10, 0x0000029567b41220,
0x0000029567b41730, 0x0000029562e26130, 0x0000029562e26640, 0x0000029567b69660,
0x0000029567b6a080, 0x0000029567b6a590, 0x0000029567b6b4c0
}

Java Threads: ( => current thread )
  0x0000029562bbb780 JavaThread "Reference Handler" daemon [_thread_blocked, id=2536, stack(0x0000009871b00000,0x0000009871c00000)]
  0x0000029562bbe610 JavaThread "Finalizer" daemon [_thread_blocked, id=2508, stack(0x0000009871c00000,0x0000009871d00000)]
  0x00000295622da510 JavaThread "Signal Dispatcher" daemon [_thread_blocked, id=8404, stack(0x0000009871d00000,0x0000009871e00000)]
  0x00000295622dc2b0 JavaThread "Attach Listener" daemon [_thread_blocked, id=3012, stack(0x0000009871e00000,0x0000009871f00000)]
  0x00000295622de090 JavaThread "Service Thread" daemon [_thread_blocked, id=10104, stack(0x0000009871f00000,0x0000009872000000)]
  0x00000295622de960 JavaThread "Monitor Deflation Thread" daemon [_thread_blocked, id=14816, stack(0x0000009872000000,0x0000009872100000)]
  0x0000029562c11650 JavaThread "C1 CompilerThread0" daemon [_thread_blocked, id=14872, stack(0x0000009872100000,0x0000009872200000)]
  0x0000029562c1dea0 JavaThread "Sweeper thread" daemon [_thread_blocked, id=14876, stack(0x0000009872200000,0x0000009872300000)]
  0x0000029562e27f90 JavaThread "Notification Thread" daemon [_thread_blocked, id=13840, stack(0x0000009872500000,0x0000009872600000)]
  0x0000029562e27060 JavaThread "Common-Cleaner" daemon [_thread_blocked, id=1640, stack(0x0000009872700000,0x0000009872800000)]
  0x0000029562e27570 JavaThread "boundedElastic-evictor-1" daemon [_thread_blocked, id=12420, stack(0x0000009872e00000,0x0000009872f00000)]
  0x0000029562e24cf0 JavaThread "pool-12-thread-1" [_thread_blocked, id=13512, stack(0x0000009873500000,0x0000009873600000)]
  0x0000029562e25710 JavaThread "LanguageServerApp-lifecycle" [_thread_blocked, id=17304, stack(0x0000009873600000,0x0000009873700000)]
  0x0000029562e27a80 JavaThread "DestroyJavaVM" [_thread_blocked, id=4680, stack(0x0000009871400000,0x0000009871500000)]
  0x0000029562e247e0 JavaThread "pool-13-thread-1" [_thread_in_native, id=6184, stack(0x0000009873700000,0x0000009873800000)]
  0x0000029562e25200 JavaThread "Simple-Language-Server main thread" daemon [_thread_blocked, id=18868, stack(0x0000009873800000,0x0000009873900000)]
  0x0000029562e26b50 JavaThread "parallel-1" daemon [_thread_blocked, id=21600, stack(0x0000009873c00000,0x0000009873d00000)]
  0x0000029567b43590 JavaThread "pool-6-thread-1" [_thread_blocked, id=13996, stack(0x0000009873d00000,0x0000009873e00000)]
  0x0000029567b43aa0 JavaThread "parallel-2" daemon [_thread_blocked, id=21688, stack(0x0000009873e00000,0x0000009873f00000)]
  0x0000029567b40800 JavaThread "pool-8-thread-1" [_thread_blocked, id=25816, stack(0x0000009871200000,0x0000009871300000)]
  0x0000029567b42b70 JavaThread "parallel-3" daemon [_thread_blocked, id=25820, stack(0x0000009871300000,0x0000009871400000)]
  0x0000029567b42660 JavaThread "Reconciler-1" daemon [_thread_blocked, id=22212, stack(0x0000009874200000,0x0000009874300000)]
  0x0000029567b40d10 JavaThread "parallel-4" daemon [_thread_blocked, id=39508, stack(0x0000009873a00000,0x0000009873b00000)]
  0x0000029567b41220 JavaThread "parallel-5" daemon [_thread_blocked, id=70664, stack(0x0000009873900000,0x0000009873a00000)]
  0x0000029567b41730 JavaThread "parallel-6" daemon [_thread_blocked, id=64280, stack(0x0000009873b00000,0x0000009873c00000)]
  0x0000029562e26130 JavaThread "parallel-7" daemon [_thread_blocked, id=41532, stack(0x0000009873f00000,0x0000009874000000)]
  0x0000029562e26640 JavaThread "parallel-8" daemon [_thread_blocked, id=60408, stack(0x0000009874100000,0x0000009874200000)]
  0x0000029567b69660 JavaThread "parallel-9" daemon [_thread_blocked, id=37896, stack(0x0000009874300000,0x0000009874400000)]
  0x0000029567b6a080 JavaThread "parallel-10" daemon [_thread_blocked, id=32268, stack(0x0000009874400000,0x0000009874500000)]
  0x0000029567b6a590 JavaThread "parallel-11" daemon [_thread_blocked, id=69328, stack(0x0000009874500000,0x0000009874600000)]
  0x0000029567b6b4c0 JavaThread "parallel-12" daemon [_thread_blocked, id=25844, stack(0x0000009874600000,0x0000009874700000)]

Other Threads:
=>0x0000029562b99710 VMThread "VM Thread" [stack: 0x0000009871a00000,0x0000009871b00000] [id=16356]
  0x0000029562e22470 WatcherThread [stack: 0x0000009872600000,0x0000009872700000] [id=5884]
  0x00000295571035a0 GCTaskThread "GC Thread#0" [stack: 0x0000009871500000,0x0000009871600000] [id=4964]
  0x0000029567b87630 GCTaskThread "GC Thread#1" [stack: 0x0000009872800000,0x0000009872900000] [id=22484]
  0x0000029567b878f0 GCTaskThread "GC Thread#2" [stack: 0x0000009872900000,0x0000009872a00000] [id=22176]
  0x0000029567b87bb0 GCTaskThread "GC Thread#3" [stack: 0x0000009872a00000,0x0000009872b00000] [id=18856]
  0x0000029567b81bf0 GCTaskThread "GC Thread#4" [stack: 0x0000009872b00000,0x0000009872c00000] [id=21860]
  0x0000029567dd3b90 GCTaskThread "GC Thread#5" [stack: 0x0000009872c00000,0x0000009872d00000] [id=11076]
  0x0000029567dd3e50 GCTaskThread "GC Thread#6" [stack: 0x0000009872d00000,0x0000009872e00000] [id=21628]
  0x0000029567dd43d0 GCTaskThread "GC Thread#7" [stack: 0x0000009873000000,0x0000009873100000] [id=21088]
  0x0000029567dd4690 GCTaskThread "GC Thread#8" [stack: 0x0000009873100000,0x0000009873200000] [id=13080]
  0x0000029567dd3350 GCTaskThread "GC Thread#9" [stack: 0x0000009873200000,0x0000009873300000] [id=21908]
  0x000002955710cd00 ConcurrentGCThread "G1 Main Marker" [stack: 0x0000009871600000,0x0000009871700000] [id=7908]
  0x000002955710d720 ConcurrentGCThread "G1 Conc#0" [stack: 0x0000009871700000,0x0000009871800000] [id=14860]
  0x0000029567dd3610 ConcurrentGCThread "G1 Conc#1" [stack: 0x0000009873300000,0x0000009873400000] [id=21212]
  0x0000029567dd38d0 ConcurrentGCThread "G1 Conc#2" [stack: 0x0000009873400000,0x0000009873500000] [id=22224]
  0x000002955714e5b0 ConcurrentGCThread "G1 Refine#0" [stack: 0x0000009871800000,0x0000009871900000] [id=9836]
  0x0000029562192b90 ConcurrentGCThread "G1 Service" [stack: 0x0000009871900000,0x0000009871a00000] [id=5132]

Threads with active compile tasks:

VM state: at safepoint (normal execution)

VM Mutex/Monitor currently owned by a thread:  ([mutex/lock_event])
[0x000002955572b070] Threads_lock - owner thread: 0x0000029562b99710
[0x00000295570bfab0] Heap_lock - owner thread: 0x0000029562e24cf0

Heap address: 0x00000000c0000000, size: 1024 MB, Compressed Oops mode: 32-bit

CDS archive(s) not mapped
Compressed class space mapped at: 0x0000000100000000-0x0000000140000000, reserved size: 1073741824
Narrow klass base: 0x0000000000000000, Narrow klass shift: 3, Narrow klass range: 0x140000000

GC Precious Log:
 CPUs: 12 total, 12 available
 Memory: 14197M
 Large Page Support: Disabled
 NUMA Support: Disabled
 Compressed Oops: Enabled (32-bit)
 Heap Region Size: 1M
 Heap Min Capacity: 8M
 Heap Initial Capacity: 222M
 Heap Max Capacity: 1G
 Pre-touch: Disabled
 Parallel Workers: 10
 Concurrent Workers: 3
 Concurrent Refinement Workers: 10
 Periodic GC: Disabled

Heap:
 garbage-first heap   total 86016K, used 28378K [0x00000000c0000000, 0x0000000100000000)
  region size 1024K, 1 young (1024K), 0 survivors (0K)
 Metaspace       used 58756K, committed 59200K, reserved 1114112K
  class space    used 7290K, committed 7488K, reserved 1048576K

Heap Regions: E=young(eden), S=young(survivor), O=old, HS=humongous(starts), HC=humongous(continues), CS=collection set, F=free, OA=open archive, CA=closed archive, TAMS=top-at-mark-start (previous, next)
|   0|0x00000000c0000000, 0x00000000c0100000, 0x00000000c0100000|100%|HS|  |TAMS 0x00000000c0100000, 0x00000000c0000000| Untracked 
|   1|0x00000000c0100000, 0x00000000c0200000, 0x00000000c0200000|100%|HC|  |TAMS 0x00000000c0200000, 0x00000000c0100000| Untracked 
|   2|0x00000000c0200000, 0x00000000c0300000, 0x00000000c0300000|100%|HC|  |TAMS 0x00000000c0300000, 0x00000000c0200000| Untracked 
|   3|0x00000000c0300000, 0x00000000c0400000, 0x00000000c0400000|100%|HC|  |TAMS 0x00000000c0400000, 0x00000000c0300000| Untracked 
|   4|0x00000000c0400000, 0x00000000c0500000, 0x00000000c0500000|100%| O|  |TAMS 0x00000000c0500000, 0x00000000c0400000| Untracked 
|   5|0x00000000c0500000, 0x00000000c0600000, 0x00000000c0600000|100%| O|  |TAMS 0x00000000c0600000, 0x00000000c0500000| Untracked 
|   6|0x00000000c0600000, 0x00000000c0700000, 0x00000000c0700000|100%| O|  |TAMS 0x00000000c0700000, 0x00000000c0600000| Untracked 
|   7|0x00000000c0700000, 0x00000000c0800000, 0x00000000c0800000|100%| O|  |TAMS 0x00000000c0800000, 0x00000000c0700000| Untracked 
|   8|0x00000000c0800000, 0x00000000c08ffff0, 0x00000000c0900000| 99%| O|  |TAMS 0x00000000c08ffff0, 0x00000000c0800000| Untracked 
|   9|0x00000000c0900000, 0x00000000c0a00000, 0x00000000c0a00000|100%| O|  |TAMS 0x00000000c0a00000, 0x00000000c0900000| Untracked 
|  10|0x00000000c0a00000, 0x00000000c0affff8, 0x00000000c0b00000| 99%| O|  |TAMS 0x00000000c0affff8, 0x00000000c0a00000| Untracked 
|  11|0x00000000c0b00000, 0x00000000c0c00000, 0x00000000c0c00000|100%| O|  |TAMS 0x00000000c0c00000, 0x00000000c0b00000| Untracked 
|  12|0x00000000c0c00000, 0x00000000c0cfffd0, 0x00000000c0d00000| 99%| O|  |TAMS 0x00000000c0cfffd0, 0x00000000c0c00000| Untracked 
|  13|0x00000000c0d00000, 0x00000000c0e00000, 0x00000000c0e00000|100%| O|  |TAMS 0x00000000c0e00000, 0x00000000c0d00000| Untracked 
|  14|0x00000000c0e00000, 0x00000000c0f00000, 0x00000000c0f00000|100%| O|  |TAMS 0x00000000c0f00000, 0x00000000c0e00000| Untracked 
|  15|0x00000000c0f00000, 0x00000000c1000000, 0x00000000c1000000|100%| O|  |TAMS 0x00000000c1000000, 0x00000000c0f00000| Untracked 
|  16|0x00000000c1000000, 0x00000000c1100000, 0x00000000c1100000|100%| O|  |TAMS 0x00000000c1100000, 0x00000000c1000000| Untracked 
|  17|0x00000000c1100000, 0x00000000c1200000, 0x00000000c1200000|100%| O|  |TAMS 0x00000000c1200000, 0x00000000c1100000| Untracked 
|  18|0x00000000c1200000, 0x00000000c12fffd0, 0x00000000c1300000| 99%| O|  |TAMS 0x00000000c12fffd0, 0x00000000c1200000| Untracked 
|  19|0x00000000c1300000, 0x00000000c13fffc0, 0x00000000c1400000| 99%| O|  |TAMS 0x00000000c13fffc0, 0x00000000c1300000| Untracked 
|  20|0x00000000c1400000, 0x00000000c14f5920, 0x00000000c1500000| 95%| O|  |TAMS 0x00000000c14f5920, 0x00000000c1400000| Untracked 
|  21|0x00000000c1500000, 0x00000000c15ffff0, 0x00000000c1600000| 99%| O|  |TAMS 0x00000000c15ffff0, 0x00000000c1500000| Untracked 
|  22|0x00000000c1600000, 0x00000000c1700000, 0x00000000c1700000|100%| O|  |TAMS 0x00000000c1700000, 0x00000000c1600000| Untracked 
|  23|0x00000000c1700000, 0x00000000c17ffff8, 0x00000000c1800000| 99%| O|  |TAMS 0x00000000c17ffff8, 0x00000000c1700000| Untracked 
|  24|0x00000000c1800000, 0x00000000c18fffd8, 0x00000000c1900000| 99%| O|  |TAMS 0x00000000c18fffd8, 0x00000000c1800000| Untracked 
|  25|0x00000000c1900000, 0x00000000c19fffd8, 0x00000000c1a00000| 99%| O|  |TAMS 0x00000000c19fffd8, 0x00000000c1900000| Untracked 
|  26|0x00000000c1a00000, 0x00000000c1b00000, 0x00000000c1b00000|100%| O|  |TAMS 0x00000000c1b00000, 0x00000000c1a00000| Untracked 
|  27|0x00000000c1b00000, 0x00000000c1bc11d8, 0x00000000c1c00000| 75%| O|  |TAMS 0x00000000c1b00000, 0x00000000c1b00000| Untracked 
|  28|0x00000000c1c00000, 0x00000000c1c00068, 0x00000000c1d00000|  0%| O|  |TAMS 0x00000000c1c00000, 0x00000000c1c00000| Untracked 
|  29|0x00000000c1d00000, 0x00000000c1d00000, 0x00000000c1e00000|  0%| F|  |TAMS 0x00000000c1d00000, 0x00000000c1d00000| Untracked 
|  30|0x00000000c1e00000, 0x00000000c1e00000, 0x00000000c1f00000|  0%| F|  |TAMS 0x00000000c1e00000, 0x00000000c1e00000| Untracked 
|  31|0x00000000c1f00000, 0x00000000c1f00000, 0x00000000c2000000|  0%| F|  |TAMS 0x00000000c1f00000, 0x00000000c1f00000| Untracked 
|  32|0x00000000c2000000, 0x00000000c2000000, 0x00000000c2100000|  0%| F|  |TAMS 0x00000000c2000000, 0x00000000c2000000| Untracked 
|  33|0x00000000c2100000, 0x00000000c2100000, 0x00000000c2200000|  0%| F|  |TAMS 0x00000000c2100000, 0x00000000c2100000| Untracked 
|  34|0x00000000c2200000, 0x00000000c2200000, 0x00000000c2300000|  0%| F|  |TAMS 0x00000000c2200000, 0x00000000c2200000| Untracked 
|  35|0x00000000c2300000, 0x00000000c2300000, 0x00000000c2400000|  0%| F|  |TAMS 0x00000000c2300000, 0x00000000c2300000| Untracked 
|  36|0x00000000c2400000, 0x00000000c2400000, 0x00000000c2500000|  0%| F|  |TAMS 0x00000000c2400000, 0x00000000c2400000| Untracked 
|  37|0x00000000c2500000, 0x00000000c2500000, 0x00000000c2600000|  0%| F|  |TAMS 0x00000000c2500000, 0x00000000c2500000| Untracked 
|  38|0x00000000c2600000, 0x00000000c2600000, 0x00000000c2700000|  0%| F|  |TAMS 0x00000000c2600000, 0x00000000c2600000| Untracked 
|  39|0x00000000c2700000, 0x00000000c2700000, 0x00000000c2800000|  0%| F|  |TAMS 0x00000000c2700000, 0x00000000c2700000| Untracked 
|  40|0x00000000c2800000, 0x00000000c2800000, 0x00000000c2900000|  0%| F|  |TAMS 0x00000000c2800000, 0x00000000c2800000| Untracked 
|  41|0x00000000c2900000, 0x00000000c2900000, 0x00000000c2a00000|  0%| F|  |TAMS 0x00000000c2900000, 0x00000000c2900000| Untracked 
|  42|0x00000000c2a00000, 0x00000000c2a00000, 0x00000000c2b00000|  0%| F|  |TAMS 0x00000000c2a00000, 0x00000000c2a00000| Untracked 
|  43|0x00000000c2b00000, 0x00000000c2b00000, 0x00000000c2c00000|  0%| F|  |TAMS 0x00000000c2b00000, 0x00000000c2b00000| Untracked 
|  44|0x00000000c2c00000, 0x00000000c2c00000, 0x00000000c2d00000|  0%| F|  |TAMS 0x00000000c2c00000, 0x00000000c2c00000| Untracked 
|  45|0x00000000c2d00000, 0x00000000c2d00000, 0x00000000c2e00000|  0%| F|  |TAMS 0x00000000c2d00000, 0x00000000c2d00000| Untracked 
|  46|0x00000000c2e00000, 0x00000000c2e00000, 0x00000000c2f00000|  0%| F|  |TAMS 0x00000000c2e00000, 0x00000000c2e00000| Untracked 
|  47|0x00000000c2f00000, 0x00000000c2f00000, 0x00000000c3000000|  0%| F|  |TAMS 0x00000000c2f00000, 0x00000000c2f00000| Untracked 
|  48|0x00000000c3000000, 0x00000000c3000000, 0x00000000c3100000|  0%| F|  |TAMS 0x00000000c3000000, 0x00000000c3000000| Untracked 
|  49|0x00000000c3100000, 0x00000000c3100000, 0x00000000c3200000|  0%| F|  |TAMS 0x00000000c3100000, 0x00000000c3100000| Untracked 
|  50|0x00000000c3200000, 0x00000000c3200000, 0x00000000c3300000|  0%| F|  |TAMS 0x00000000c3200000, 0x00000000c3200000| Untracked 
|  51|0x00000000c3300000, 0x00000000c3300000, 0x00000000c3400000|  0%| F|  |TAMS 0x00000000c3300000, 0x00000000c3300000| Untracked 
|  52|0x00000000c3400000, 0x00000000c3400000, 0x00000000c3500000|  0%| F|  |TAMS 0x00000000c3400000, 0x00000000c3400000| Untracked 
|  53|0x00000000c3500000, 0x00000000c3500000, 0x00000000c3600000|  0%| F|  |TAMS 0x00000000c3500000, 0x00000000c3500000| Untracked 
|  54|0x00000000c3600000, 0x00000000c3600000, 0x00000000c3700000|  0%| F|  |TAMS 0x00000000c3600000, 0x00000000c3600000| Untracked 
|  55|0x00000000c3700000, 0x00000000c3700000, 0x00000000c3800000|  0%| F|  |TAMS 0x00000000c3700000, 0x00000000c3700000| Untracked 
|  56|0x00000000c3800000, 0x00000000c3800000, 0x00000000c3900000|  0%| F|  |TAMS 0x00000000c3800000, 0x00000000c3800000| Untracked 
|  57|0x00000000c3900000, 0x00000000c3900000, 0x00000000c3a00000|  0%| F|  |TAMS 0x00000000c3900000, 0x00000000c3900000| Untracked 
|  58|0x00000000c3a00000, 0x00000000c3a00000, 0x00000000c3b00000|  0%| F|  |TAMS 0x00000000c3a00000, 0x00000000c3a00000| Untracked 
|  59|0x00000000c3b00000, 0x00000000c3b00000, 0x00000000c3c00000|  0%| F|  |TAMS 0x00000000c3b00000, 0x00000000c3b00000| Untracked 
|  60|0x00000000c3c00000, 0x00000000c3c00000, 0x00000000c3d00000|  0%| F|  |TAMS 0x00000000c3c00000, 0x00000000c3c00000| Untracked 
|  61|0x00000000c3d00000, 0x00000000c3d00000, 0x00000000c3e00000|  0%| F|  |TAMS 0x00000000c3d00000, 0x00000000c3d00000| Untracked 
|  62|0x00000000c3e00000, 0x00000000c3e00000, 0x00000000c3f00000|  0%| F|  |TAMS 0x00000000c3e00000, 0x00000000c3e00000| Untracked 
|  63|0x00000000c3f00000, 0x00000000c3f00000, 0x00000000c4000000|  0%| F|  |TAMS 0x00000000c3f00000, 0x00000000c3f00000| Untracked 
|  64|0x00000000c4000000, 0x00000000c4000000, 0x00000000c4100000|  0%| F|  |TAMS 0x00000000c4000000, 0x00000000c4000000| Untracked 
|  65|0x00000000c4100000, 0x00000000c4100000, 0x00000000c4200000|  0%| F|  |TAMS 0x00000000c4100000, 0x00000000c4100000| Untracked 
|  66|0x00000000c4200000, 0x00000000c4200000, 0x00000000c4300000|  0%| F|  |TAMS 0x00000000c4200000, 0x00000000c4200000| Untracked 
|  67|0x00000000c4300000, 0x00000000c4300000, 0x00000000c4400000|  0%| F|  |TAMS 0x00000000c4300000, 0x00000000c4300000| Untracked 
|  68|0x00000000c4400000, 0x00000000c4400000, 0x00000000c4500000|  0%| F|  |TAMS 0x00000000c4400000, 0x00000000c4400000| Untracked 
|  69|0x00000000c4500000, 0x00000000c4500000, 0x00000000c4600000|  0%| F|  |TAMS 0x00000000c4500000, 0x00000000c4500000| Untracked 
|  70|0x00000000c4600000, 0x00000000c4600000, 0x00000000c4700000|  0%| F|  |TAMS 0x00000000c4600000, 0x00000000c4600000| Untracked 
|  71|0x00000000c4700000, 0x00000000c4700000, 0x00000000c4800000|  0%| F|  |TAMS 0x00000000c4700000, 0x00000000c4700000| Untracked 
|  72|0x00000000c4800000, 0x00000000c4800000, 0x00000000c4900000|  0%| F|  |TAMS 0x00000000c4800000, 0x00000000c4800000| Untracked 
|  73|0x00000000c4900000, 0x00000000c4900000, 0x00000000c4a00000|  0%| F|  |TAMS 0x00000000c4900000, 0x00000000c4900000| Untracked 
|  74|0x00000000c4a00000, 0x00000000c4a00000, 0x00000000c4b00000|  0%| F|  |TAMS 0x00000000c4a00000, 0x00000000c4a00000| Untracked 
|  75|0x00000000c4b00000, 0x00000000c4b00000, 0x00000000c4c00000|  0%| F|  |TAMS 0x00000000c4b00000, 0x00000000c4b00000| Untracked 
|  76|0x00000000c4c00000, 0x00000000c4c00000, 0x00000000c4d00000|  0%| F|  |TAMS 0x00000000c4c00000, 0x00000000c4c00000| Untracked 
| 185|0x00000000cb900000, 0x00000000cb900000, 0x00000000cba00000|  0%| F|  |TAMS 0x00000000cb900000, 0x00000000cb900000| Untracked 
| 186|0x00000000cba00000, 0x00000000cba00000, 0x00000000cbb00000|  0%| F|  |TAMS 0x00000000cba00000, 0x00000000cba00000| Untracked 
| 187|0x00000000cbb00000, 0x00000000cbb00000, 0x00000000cbc00000|  0%| F|  |TAMS 0x00000000cbb00000, 0x00000000cbb00000| Untracked 
| 188|0x00000000cbc00000, 0x00000000cbc00000, 0x00000000cbd00000|  0%| F|  |TAMS 0x00000000cbc00000, 0x00000000cbc00000| Untracked 
| 189|0x00000000cbd00000, 0x00000000cbd00000, 0x00000000cbe00000|  0%| F|  |TAMS 0x00000000cbd00000, 0x00000000cbd00000| Untracked 
| 220|0x00000000cdc00000, 0x00000000cdc00000, 0x00000000cdd00000|  0%| F|  |TAMS 0x00000000cdc00000, 0x00000000cdc00000| Untracked 
| 221|0x00000000cdd00000, 0x00000000cdd06c80, 0x00000000cde00000|  2%| E|  |TAMS 0x00000000cdd00000, 0x00000000cdd00000| Complete 

Card table byte_map: [0x000002955da70000,0x000002955dc70000] _byte_map_base: 0x000002955d470000

Marking Bits (Prev, Next): (CMBitMap*) 0x00000295571043d0, (CMBitMap*) 0x0000029557104410
 Prev Bits: [0x000002955de70000, 0x000002955ee70000)
 Next Bits: [0x000002955ee70000, 0x000002955fe70000)

Polling page: 0x0000029557150000

Metaspace:

Usage:
  Non-class:     50.26 MB used.
      Class:      7.12 MB used.
       Both:     57.38 MB used.

Virtual space:
  Non-class space:       64.00 MB reserved,      50.50 MB ( 79%) committed,  1 nodes.
      Class space:        1.00 GB reserved,       7.31 MB ( <1%) committed,  1 nodes.
             Both:        1.06 GB reserved,      57.81 MB (  5%) committed. 

Chunk freelists:
   Non-Class:  12.90 MB
       Class:  8.67 MB
        Both:  21.57 MB

MaxMetaspaceSize: unlimited
CompressedClassSpaceSize: 1.00 GB
Initial GC threshold: 21.00 MB
Current GC threshold: 96.38 MB
CDS: off
MetaspaceReclaimPolicy: balanced
 - commit_granule_bytes: 65536.
 - commit_granule_words: 8192.
 - virtual_space_node_default_size: 8388608.
 - enlarge_chunks_in_place: 1.
 - new_chunks_are_fully_committed: 0.
 - uncommit_free_chunks: 1.
 - use_allocation_guard: 0.
 - handle_deallocations: 1.


Internal statistics:

num_allocs_failed_limit: 6.
num_arena_births: 750.
num_arena_deaths: 278.
num_vsnodes_births: 2.
num_vsnodes_deaths: 0.
num_space_committed: 925.
num_space_uncommitted: 0.
num_chunks_returned_to_freelist: 326.
num_chunks_taken_from_freelist: 2689.
num_chunk_merges: 103.
num_chunk_splits: 1797.
num_chunks_enlarged: 1376.
num_inconsistent_stats: 0.

CodeCache: size=49152Kb used=13313Kb max_used=14429Kb free=35838Kb
 bounds [0x0000029559dc0000, 0x000002955ac10000, 0x000002955cdc0000]
 total_blobs=7821 nmethods=7148 adapters=599
 compilation: enabled
              stopped_count=0, restarted_count=0
 full_count=0

Compilation events (20 events):
Event: 424761.780 Thread 0x0000029562c11650 nmethod 7137 0x000002955aa0e390 code [0x000002955aa0e640, 0x000002955aa0ee18]
Event: 424761.780 Thread 0x0000029569669a70 7139       1       java.util.regex.Pattern$CharPropertyGreedy::match (160 bytes)
Event: 424761.781 Thread 0x0000029569669f90 nmethod 7138 0x000002955aa0d910 code [0x000002955aa0db60, 0x000002955aa0e048]
Event: 424761.781 Thread 0x0000029569669a70 nmethod 7139 0x000002955aa0d190 code [0x000002955aa0d380, 0x000002955aa0d708]
Event: 424762.109 Thread 0x0000029569669a70 7141       1       java.util.concurrent.CompletableFuture::completeNull (12 bytes)
Event: 424762.109 Thread 0x0000029569669a70 nmethod 7141 0x000002955aa0c790 code [0x000002955aa0c960, 0x000002955aa0ccd8]
Event: 426340.818 Thread 0x0000029562c11650 7142       1       org.eclipse.lsp4j.jsonrpc.json.adapters.CollectionTypeAdapter::write (123 bytes)
Event: 426340.819 Thread 0x0000029562c11650 nmethod 7142 0x000002955aa0bf10 code [0x000002955aa0c140, 0x000002955aa0c558]
Event: 428856.255 Thread 0x0000029562c11650 7143       1       java.util.concurrent.CompletableFuture::screenExecutor (31 bytes)
Event: 428856.256 Thread 0x0000029562c11650 nmethod 7143 0x000002955aa0bb90 code [0x000002955aa0bd20, 0x000002955aa0be48]
Event: 428856.256 Thread 0x0000029562c11650 7144       1       org.eclipse.lsp4j.jsonrpc.json.adapters.EnumTypeAdapter::write (10 bytes)
Event: 428856.257 Thread 0x0000029562c11650 nmethod 7144 0x000002955aa0b690 code [0x000002955aa0b860, 0x000002955aa0ba48]
Event: 428856.257 Thread 0x0000029562c11650 7145       1       org.eclipse.lsp4j.jsonrpc.json.adapters.EnumTypeAdapter::write (35 bytes)
Event: 428856.257 Thread 0x0000029562c11650 nmethod 7145 0x000002955aa0b210 code [0x000002955aa0b3e0, 0x000002955aa0b588]
Event: 429201.269 Thread 0x0000029562c11650 7146   !   1       java.util.concurrent.ThreadPoolExecutor::runWorker (187 bytes)
Event: 429201.270 Thread 0x0000029562c11650 nmethod 7146 0x000002955aa0a490 code [0x000002955aa0a6c0, 0x000002955aa0ad18]
Event: 429221.791 Thread 0x0000029562c11650 7147       1       java.util.concurrent.ThreadPoolExecutor$Worker::tryAcquire (20 bytes)
Event: 429221.792 Thread 0x0000029562c11650 nmethod 7147 0x000002955aa0a110 code [0x000002955aa0a2a0, 0x000002955aa0a418]
Event: 430271.371 Thread 0x0000029562c11650 7148       1       org.eclipse.lsp4j.jsonrpc.messages.IdentifiableMessage::getId (56 bytes)
Event: 430271.371 Thread 0x0000029562c11650 nmethod 7148 0x000002955aa09c10 code [0x000002955aa09dc0, 0x000002955aa09fe8]

GC Heap History (20 events):
Event: 435535.897 GC heap before
{Heap before GC invocations=18757 (full 18739):
 garbage-first heap   total 86016K, used 28378K [0x00000000c0000000, 0x0000000100000000)
  region size 1024K, 1 young (1024K), 0 survivors (0K)
 Metaspace       used 58756K, committed 59200K, reserved 1114112K
  class space    used 7290K, committed 7488K, reserved 1048576K
}
Event: 435535.924 GC heap after
{Heap after GC invocations=18758 (full 18740):
 garbage-first heap   total 86016K, used 28378K [0x00000000c0000000, 0x0000000100000000)
  region size 1024K, 0 young (0K), 0 survivors (0K)
 Metaspace       used 58756K, committed 59200K, reserved 1114112K
  class space    used 7290K, committed 7488K, reserved 1048576K
}
Event: 435546.442 GC heap before
{Heap before GC invocations=18758 (full 18740):
 garbage-first heap   total 86016K, used 28378K [0x00000000c0000000, 0x0000000100000000)
  region size 1024K, 1 young (1024K), 0 survivors (0K)
 Metaspace       used 58756K, committed 59200K, reserved 1114112K
  class space    used 7290K, committed 7488K, reserved 1048576K
}
Event: 435546.473 GC heap after
{Heap after GC invocations=18759 (full 18741):
 garbage-first heap   total 86016K, used 28378K [0x00000000c0000000, 0x0000000100000000)
  region size 1024K, 0 young (0K), 0 survivors (0K)
 Metaspace       used 58756K, committed 59200K, reserved 1114112K
  class space    used 7290K, committed 7488K, reserved 1048576K
}
Event: 435556.974 GC heap before
{Heap before GC invocations=18759 (full 18741):
 garbage-first heap   total 86016K, used 28378K [0x00000000c0000000, 0x0000000100000000)
  region size 1024K, 1 young (1024K), 0 survivors (0K)
 Metaspace       used 58756K, committed 59200K, reserved 1114112K
  class space    used 7290K, committed 7488K, reserved 1048576K
}
Event: 435556.999 GC heap after
{Heap after GC invocations=18760 (full 18742):
 garbage-first heap   total 86016K, used 28378K [0x00000000c0000000, 0x0000000100000000)
  region size 1024K, 0 young (0K), 0 survivors (0K)
 Metaspace       used 58756K, committed 59200K, reserved 1114112K
  class space    used 7290K, committed 7488K, reserved 1048576K
}
Event: 435567.511 GC heap before
{Heap before GC invocations=18760 (full 18742):
 garbage-first heap   total 86016K, used 28378K [0x00000000c0000000, 0x0000000100000000)
  region size 1024K, 1 young (1024K), 0 survivors (0K)
 Metaspace       used 58756K, committed 59200K, reserved 1114112K
  class space    used 7290K, committed 7488K, reserved 1048576K
}
Event: 435567.538 GC heap after
{Heap after GC invocations=18761 (full 18743):
 garbage-first heap   total 86016K, used 28378K [0x00000000c0000000, 0x0000000100000000)
  region size 1024K, 0 young (0K), 0 survivors (0K)
 Metaspace       used 58756K, committed 59200K, reserved 1114112K
  class space    used 7290K, committed 7488K, reserved 1048576K
}
Event: 435578.063 GC heap before
{Heap before GC invocations=18761 (full 18743):
 garbage-first heap   total 86016K, used 28378K [0x00000000c0000000, 0x0000000100000000)
  region size 1024K, 1 young (1024K), 0 survivors (0K)
 Metaspace       used 58756K, committed 59200K, reserved 1114112K
  class space    used 7290K, committed 7488K, reserved 1048576K
}
Event: 435578.089 GC heap after
{Heap after GC invocations=18762 (full 18744):
 garbage-first heap   total 86016K, used 28378K [0x00000000c0000000, 0x0000000100000000)
  region size 1024K, 0 young (0K), 0 survivors (0K)
 Metaspace       used 58756K, committed 59200K, reserved 1114112K
  class space    used 7290K, committed 7488K, reserved 1048576K
}
Event: 435588.608 GC heap before
{Heap before GC invocations=18762 (full 18744):
 garbage-first heap   total 86016K, used 28378K [0x00000000c0000000, 0x0000000100000000)
  region size 1024K, 1 young (1024K), 0 survivors (0K)
 Metaspace       used 58756K, committed 59200K, reserved 1114112K
  class space    used 7290K, committed 7488K, reserved 1048576K
}
Event: 435588.635 GC heap after
{Heap after GC invocations=18763 (full 18745):
 garbage-first heap   total 86016K, used 28378K [0x00000000c0000000, 0x0000000100000000)
  region size 1024K, 0 young (0K), 0 survivors (0K)
 Metaspace       used 58756K, committed 59200K, reserved 1114112K
  class space    used 7290K, committed 7488K, reserved 1048576K
}
Event: 435599.143 GC heap before
{Heap before GC invocations=18763 (full 18745):
 garbage-first heap   total 86016K, used 28378K [0x00000000c0000000, 0x0000000100000000)
  region size 1024K, 1 young (1024K), 0 survivors (0K)
 Metaspace       used 58756K, committed 59200K, reserved 1114112K
  class space    used 7290K, committed 7488K, reserved 1048576K
}
Event: 435599.167 GC heap after
{Heap after GC invocations=18764 (full 18746):
 garbage-first heap   total 86016K, used 28378K [0x00000000c0000000, 0x0000000100000000)
  region size 1024K, 0 young (0K), 0 survivors (0K)
 Metaspace       used 58756K, committed 59200K, reserved 1114112K
  class space    used 7290K, committed 7488K, reserved 1048576K
}
Event: 435609.647 GC heap before
{Heap before GC invocations=18764 (full 18746):
 garbage-first heap   total 86016K, used 28378K [0x00000000c0000000, 0x0000000100000000)
  region size 1024K, 1 young (1024K), 0 survivors (0K)
 Metaspace       used 58756K, committed 59200K, reserved 1114112K
  class space    used 7290K, committed 7488K, reserved 1048576K
}
Event: 435609.672 GC heap after
{Heap after GC invocations=18765 (full 18747):
 garbage-first heap   total 86016K, used 28378K [0x00000000c0000000, 0x0000000100000000)
  region size 1024K, 0 young (0K), 0 survivors (0K)
 Metaspace       used 58756K, committed 59200K, reserved 1114112K
  class space    used 7290K, committed 7488K, reserved 1048576K
}
Event: 435620.154 GC heap before
{Heap before GC invocations=18765 (full 18747):
 garbage-first heap   total 86016K, used 28378K [0x00000000c0000000, 0x0000000100000000)
  region size 1024K, 1 young (1024K), 0 survivors (0K)
 Metaspace       used 58756K, committed 59200K, reserved 1114112K
  class space    used 7290K, committed 7488K, reserved 1048576K
}
Event: 435620.182 GC heap after
{Heap after GC invocations=18766 (full 18748):
 garbage-first heap   total 86016K, used 28378K [0x00000000c0000000, 0x0000000100000000)
  region size 1024K, 0 young (0K), 0 survivors (0K)
 Metaspace       used 58756K, committed 59200K, reserved 1114112K
  class space    used 7290K, committed 7488K, reserved 1048576K
}
Event: 435630.687 GC heap before
{Heap before GC invocations=18766 (full 18748):
 garbage-first heap   total 86016K, used 28378K [0x00000000c0000000, 0x0000000100000000)
  region size 1024K, 1 young (1024K), 0 survivors (0K)
 Metaspace       used 58756K, committed 59200K, reserved 1114112K
  class space    used 7290K, committed 7488K, reserved 1048576K
}
Event: 435630.713 GC heap after
{Heap after GC invocations=18767 (full 18749):
 garbage-first heap   total 86016K, used 28378K [0x00000000c0000000, 0x0000000100000000)
  region size 1024K, 0 young (0K), 0 survivors (0K)
 Metaspace       used 58756K, committed 59200K, reserved 1114112K
  class space    used 7290K, committed 7488K, reserved 1048576K
}

Dll operation events (9 events):
Event: 0.014 Loaded shared library c:\Users\Utente\.vscode\extensions\redhat.java-1.25.1-win32-x64\jre\17.0.9-win32-x86_64\bin\java.dll
Event: 0.431 Loaded shared library C:\Users\Utente\.vscode\extensions\redhat.java-1.25.1-win32-x64\jre\17.0.9-win32-x86_64\bin\net.dll
Event: 0.439 Loaded shared library C:\Users\Utente\.vscode\extensions\redhat.java-1.25.1-win32-x64\jre\17.0.9-win32-x86_64\bin\nio.dll
Event: 0.463 Loaded shared library C:\Users\Utente\.vscode\extensions\redhat.java-1.25.1-win32-x64\jre\17.0.9-win32-x86_64\bin\zip.dll
Event: 1.211 Loaded shared library C:\Users\Utente\.vscode\extensions\redhat.java-1.25.1-win32-x64\jre\17.0.9-win32-x86_64\bin\jimage.dll
Event: 4.936 Loaded shared library c:\Users\Utente\.vscode\extensions\redhat.java-1.25.1-win32-x64\jre\17.0.9-win32-x86_64\bin\verify.dll
Event: 5.492 Loaded shared library C:\Users\Utente\.vscode\extensions\redhat.java-1.25.1-win32-x64\jre\17.0.9-win32-x86_64\bin\management.dll
Event: 5.496 Loaded shared library C:\Users\Utente\.vscode\extensions\redhat.java-1.25.1-win32-x64\jre\17.0.9-win32-x86_64\bin\management_ext.dll
Event: 6.682 Loaded shared library C:\Users\Utente\.vscode\extensions\redhat.java-1.25.1-win32-x64\jre\17.0.9-win32-x86_64\bin\sunmscapi.dll

Deoptimization events (20 events):
Event: 422701.751 Thread 0x0000029567b43080 DEOPT PACKING pc=0x0000029559eedecf sp=0x0000009873afdb50
Event: 422701.751 Thread 0x0000029567b43080 DEOPT UNPACKING pc=0x0000029559e17143 sp=0x0000009873afd040 mode 3
Event: 424369.481 Thread 0x0000029567b43fb0 DEOPT PACKING pc=0x000002955a2dfab6 sp=0x0000009872ffd3c0
Event: 424369.481 Thread 0x0000029567b43fb0 DEOPT UNPACKING pc=0x0000029559e17143 sp=0x0000009872ffc8b8 mode 3
Event: 424369.490 Thread 0x0000029567b43fb0 DEOPT PACKING pc=0x000002955a2e9ce6 sp=0x0000009872ffe0e0
Event: 424369.490 Thread 0x0000029567b43fb0 DEOPT UNPACKING pc=0x0000029559e17143 sp=0x0000009872ffd5a0 mode 3
Event: 424369.578 Thread 0x0000029567b42660 DEOPT PACKING pc=0x000002955a9ad3a0 sp=0x00000098742fdca0
Event: 424369.578 Thread 0x0000029567b42660 DEOPT UNPACKING pc=0x0000029559e17143 sp=0x00000098742fd120 mode 3
Event: 424761.400 Thread 0x0000029567b43590 DEOPT PACKING pc=0x000002955a64340c sp=0x0000009873dfdf40
Event: 424761.400 Thread 0x0000029567b43590 DEOPT UNPACKING pc=0x0000029559e17143 sp=0x0000009873dfd4a8 mode 0
Event: 424761.400 Thread 0x0000029567b43590 DEOPT PACKING pc=0x000002955a6a37cc sp=0x0000009873dfe070
Event: 424761.400 Thread 0x0000029567b43590 DEOPT UNPACKING pc=0x0000029559e17143 sp=0x0000009873dfd550 mode 0
Event: 424761.400 Thread 0x0000029567b43590 DEOPT PACKING pc=0x000002955a64340c sp=0x0000009873dfe1a0
Event: 424761.400 Thread 0x0000029567b43590 DEOPT UNPACKING pc=0x0000029559e17143 sp=0x0000009873dfd708 mode 0
Event: 424761.400 Thread 0x0000029567b43590 DEOPT PACKING pc=0x000002955a6a37cc sp=0x0000009873dfe2d0
Event: 424761.400 Thread 0x0000029567b43590 DEOPT UNPACKING pc=0x0000029559e17143 sp=0x0000009873dfd7c8 mode 0
Event: 424761.407 Thread 0x0000029567b43590 DEOPT PACKING pc=0x000002955a64340c sp=0x0000009873dfe640
Event: 424761.407 Thread 0x0000029567b43590 DEOPT UNPACKING pc=0x0000029559e17143 sp=0x0000009873dfdba8 mode 0
Event: 424761.407 Thread 0x0000029567b43590 DEOPT PACKING pc=0x000002955a6a37cc sp=0x0000009873dfe770
Event: 424761.407 Thread 0x0000029567b43590 DEOPT UNPACKING pc=0x0000029559e17143 sp=0x0000009873dfdc68 mode 0

Classes unloaded (20 events):
Event: 3080.307 Thread 0x0000029562b99710 Unloading class 0x0000000100720c00 'java/lang/invoke/LambdaForm$MH+0x0000000100720c00'
Event: 3080.307 Thread 0x0000029562b99710 Unloading class 0x0000000100720800 'java/lang/invoke/LambdaForm$MH+0x0000000100720800'
Event: 3080.307 Thread 0x0000029562b99710 Unloading class 0x0000000100720400 'java/lang/invoke/LambdaForm$MH+0x0000000100720400'
Event: 3080.307 Thread 0x0000029562b99710 Unloading class 0x0000000100720000 'java/lang/invoke/LambdaForm$MH+0x0000000100720000'
Event: 3080.307 Thread 0x0000029562b99710 Unloading class 0x0000000100428000 'java/lang/invoke/LambdaForm$MH+0x0000000100428000'
Event: 3080.307 Thread 0x0000029562b99710 Unloading class 0x000000010047c400 'java/lang/invoke/LambdaForm$MH+0x000000010047c400'
Event: 3080.307 Thread 0x0000029562b99710 Unloading class 0x0000000100509000 'java/lang/invoke/LambdaForm$MH+0x0000000100509000'
Event: 3080.307 Thread 0x0000029562b99710 Unloading class 0x0000000100530000 'java/lang/invoke/LambdaForm$MH+0x0000000100530000'
Event: 3080.307 Thread 0x0000029562b99710 Unloading class 0x000000010008bc00 'java/lang/invoke/LambdaForm$MH+0x000000010008bc00'
Event: 3080.307 Thread 0x0000029562b99710 Unloading class 0x000000010008c000 'java/lang/invoke/LambdaForm$MH+0x000000010008c000'
Event: 3080.307 Thread 0x0000029562b99710 Unloading class 0x000000010053d000 'java/lang/invoke/LambdaForm$MH+0x000000010053d000'
Event: 3080.307 Thread 0x0000029562b99710 Unloading class 0x000000010053d800 'java/lang/invoke/LambdaForm$MH+0x000000010053d800'
Event: 3080.307 Thread 0x0000029562b99710 Unloading class 0x0000000100576800 'java/lang/invoke/LambdaForm$MH+0x0000000100576800'
Event: 424443.399 Thread 0x0000029562b99710 Unloading class 0x0000000100738000 'java/lang/invoke/LambdaForm$MH+0x0000000100738000'
Event: 424443.399 Thread 0x0000029562b99710 Unloading class 0x0000000100733c00 'java/lang/invoke/LambdaForm$MH+0x0000000100733c00'
Event: 424443.399 Thread 0x0000029562b99710 Unloading class 0x0000000100733800 'java/lang/invoke/LambdaForm$MH+0x0000000100733800'
Event: 424443.399 Thread 0x0000029562b99710 Unloading class 0x0000000100733400 'java/lang/invoke/LambdaForm$MH+0x0000000100733400'
Event: 424443.399 Thread 0x0000029562b99710 Unloading class 0x000000010053d800 'java/lang/invoke/LambdaForm$MH+0x000000010053d800'
Event: 424443.399 Thread 0x0000029562b99710 Unloading class 0x000000010053d000 'java/lang/invoke/LambdaForm$MH+0x000000010053d000'
Event: 424443.399 Thread 0x0000029562b99710 Unloading class 0x000000010008c000 'java/lang/invoke/LambdaForm$MH+0x000000010008c000'

Classes redefined (0 events):
No events

Internal exceptions (20 events):
Event: 46.224 Thread 0x0000029562e24cf0 Exception <a 'java/lang/NoSuchMethodError'{0x00000000c3c46f20}: 'java.lang.Object java.lang.invoke.DirectMethodHandle$Holder.newInvokeSpecial(java.lang.Object, long)'> (0x00000000c3c46f20) 
thrown [s\src\hotspot\share\interpreter\linkResolver.cpp, line 759]
Event: 308.240 Thread 0x0000029567b42b70 Exception <a 'java/io/IOException'{0x00000000cdd6f598}> (0x00000000cdd6f598) 
thrown [s\src\hotspot\share\prims\jni.cpp, line 516]
Event: 308.647 Thread 0x0000029567b42150 Exception <a 'java/io/IOException'{0x00000000cdd78c10}> (0x00000000cdd78c10) 
thrown [s\src\hotspot\share\prims\jni.cpp, line 516]
Event: 309.419 Thread 0x0000029567b43080 Exception <a 'java/io/IOException'{0x00000000cdd14bf0}> (0x00000000cdd14bf0) 
thrown [s\src\hotspot\share\prims\jni.cpp, line 516]
Event: 3034.236 Thread 0x0000029562e247e0 Exception <a 'java/lang/NoSuchMethodError'{0x00000000cdc3ad30}: 'java.lang.Object java.lang.invoke.DirectMethodHandle$Holder.invokeStatic(java.lang.Object, java.lang.Object, java.lang.Object, int, java.lang.Object, java.lang.Object)'> (0x00000000cdc3ad30) 
thrown [s\src\hotspot\share\interpreter\linkResolver.cpp, line 759]
Event: 3034.620 Thread 0x0000029567b42150 Exception <a 'java/lang/NoSuchMethodError'{0x00000000c2fc1438}: 'java.lang.Object java.lang.invoke.Invokers$Holder.invoke_MT(java.lang.Object, java.lang.Object, java.lang.Object)'> (0x00000000c2fc1438) 
thrown [s\src\hotspot\share\interpreter\linkResolver.cpp, line 759]
Event: 3034.777 Thread 0x0000029567b42660 Exception <a 'java/lang/NoSuchMethodError'{0x00000000c3b73fa8}: 'java.lang.Object java.lang.invoke.DirectMethodHandle$Holder.newInvokeSpecial(java.lang.Object, java.lang.Object, java.lang.Object, java.lang.Object, java.lang.Object, long)'> (0x00000000c3b73fa8) 
thrown [s\src\hotspot\share\interpreter\linkResolver.cpp, line 759]
Event: 3034.778 Thread 0x0000029567b42660 Exception <a 'java/lang/NoSuchMethodError'{0x00000000c3b78618}: 'java.lang.Object java.lang.invoke.DirectMethodHandle$Holder.invokeSpecial(java.lang.Object, java.lang.Object, java.lang.Object, java.lang.Object, java.lang.Object, java.lang.Object, long)'> (0x00000000c3b78618) 
thrown [s\src\hotspot\share\interpreter\linkResolver.cpp, line 759]
Event: 3035.064 Thread 0x0000029567b42150 Exception <a 'java/lang/IncompatibleClassChangeError'{0x00000000c30707f0}: Found class java.lang.Object, but interface was expected> (0x00000000c30707f0) 
thrown [s\src\hotspot\share\interpreter\linkResolver.cpp, line 826]
Event: 3035.132 Thread 0x0000029567b42150 Exception <a 'java/lang/NoSuchMethodError'{0x00000000c3d05910}: 'int java.lang.invoke.DirectMethodHandle$Holder.invokeSpecialIFC(java.lang.Object, java.lang.Object, java.lang.Object)'> (0x00000000c3d05910) 
thrown [s\src\hotspot\share\interpreter\linkResolver.cpp, line 759]
Event: 3035.291 Thread 0x0000029567b42150 Implicit null exception at 0x000002955a89a9c4 to 0x000002955a89abe9
Event: 3035.522 Thread 0x0000029567b43080 Exception <a 'java/lang/NoSuchMethodError'{0x00000000cbbb53a8}: 'java.lang.Object java.lang.invoke.DirectMethodHandle$Holder.newInvokeSpecial(java.lang.Object, int, int, int)'> (0x00000000cbbb53a8) 
thrown [s\src\hotspot\share\interpreter\linkResolver.cpp, line 759]
Event: 3035.522 Thread 0x0000029567b43080 Exception <a 'java/lang/NoSuchMethodError'{0x00000000cbbb8e28}: 'java.lang.Object java.lang.invoke.DirectMethodHandle$Holder.invokeSpecial(java.lang.Object, java.lang.Object, int, int, int)'> (0x00000000cbbb8e28) 
thrown [s\src\hotspot\share\interpreter\linkResolver.cpp, line 759]
Event: 3035.523 Thread 0x0000029567b43080 Exception <a 'java/lang/NoSuchMethodError'{0x00000000cbbbc3a8}: 'java.lang.Object java.lang.invoke.Invokers$Holder.linkToTargetMethod(int, int, int, java.lang.Object)'> (0x00000000cbbbc3a8) 
thrown [s\src\hotspot\share\interpreter\linkResolver.cpp, line 759]
Event: 422701.750 Thread 0x0000029567b43080 Implicit null exception at 0x0000029559eed910 to 0x0000029559eedeca
Event: 424369.481 Thread 0x0000029567b43fb0 Implicit null exception at 0x000002955a2def62 to 0x000002955a2dfab1
Event: 424369.490 Thread 0x0000029567b43fb0 Implicit null exception at 0x000002955a2e9a35 to 0x000002955a2e9ce1
Event: 424369.578 Thread 0x0000029567b42660 Implicit null exception at 0x000002955a9ad15a to 0x000002955a9ad39b
Event: 424370.594 Thread 0x0000029567b42150 Exception <a 'java/lang/NoSuchMethodError'{0x00000000c4552078}: 'java.lang.Object java.lang.invoke.DirectMethodHandle$Holder.newInvokeSpecial(java.lang.Object, java.lang.Object, int, java.lang.Object)'> (0x00000000c4552078) 
thrown [s\src\hotspot\share\interpreter\linkResolver.cpp, line 759]
Event: 424370.594 Thread 0x0000029567b42150 Exception <a 'java/lang/NoSuchMethodError'{0x00000000c45797f8}: 'java.lang.Object java.lang.invoke.Invokers$Holder.linkToTargetMethod(java.lang.Object, int, java.lang.Object, java.lang.Object)'> (0x00000000c45797f8) 
thrown [s\src\hotspot\share\interpreter\linkResolver.cpp, line 759]

VM Operations (20 events):
Event: 435535.924 Executing VM operation: G1CollectFull done
Event: 435546.441 Executing VM operation: G1CollectFull
Event: 435546.473 Executing VM operation: G1CollectFull done
Event: 435556.973 Executing VM operation: G1CollectFull
Event: 435556.999 Executing VM operation: G1CollectFull done
Event: 435567.511 Executing VM operation: G1CollectFull
Event: 435567.538 Executing VM operation: G1CollectFull done
Event: 435578.063 Executing VM operation: G1CollectFull
Event: 435578.089 Executing VM operation: G1CollectFull done
Event: 435588.608 Executing VM operation: G1CollectFull
Event: 435588.635 Executing VM operation: G1CollectFull done
Event: 435599.143 Executing VM operation: G1CollectFull
Event: 435599.167 Executing VM operation: G1CollectFull done
Event: 435609.647 Executing VM operation: G1CollectFull
Event: 435609.672 Executing VM operation: G1CollectFull done
Event: 435620.154 Executing VM operation: G1CollectFull
Event: 435620.182 Executing VM operation: G1CollectFull done
Event: 435630.687 Executing VM operation: G1CollectFull
Event: 435630.713 Executing VM operation: G1CollectFull done
Event: 435640.963 Executing VM operation: G1CollectFull

Events (20 events):
Event: 424761.290 loading class java/util/stream/ReferencePipeline$4$1 done
Event: 424761.352 loading class java/util/Hashtable$ValueCollection
Event: 424761.352 loading class java/util/Hashtable$ValueCollection done
Event: 424761.391 Thread 0x0000029569669a70 Thread added: 0x0000029569669a70
Event: 424761.394 Thread 0x0000029569669f90 Thread added: 0x0000029569669f90
Event: 424762.107 Thread 0x0000029567b69b70 Thread added: 0x0000029567b69b70
Event: 424767.121 Thread 0x0000029569669f90 Thread exited: 0x0000029569669f90
Event: 424767.121 Thread 0x0000029569669a70 Thread exited: 0x0000029569669a70
Event: 424797.240 loading class java/io/RandomAccessFile$1
Event: 424797.241 loading class java/io/RandomAccessFile$1 done
Event: 424821.157 Thread 0x0000029567b6f180 Thread exited: 0x0000029567b6f180
Event: 424822.115 Thread 0x0000029567b69b70 Thread exited: 0x0000029567b69b70
Event: 426340.816 Thread 0x0000029567b69150 Thread added: 0x0000029567b69150
Event: 426400.821 Thread 0x0000029567b69150 Thread exited: 0x0000029567b69150
Event: 428856.256 Thread 0x0000029567b6b9d0 Thread added: 0x0000029567b6b9d0
Event: 428916.260 Thread 0x0000029567b6b9d0 Thread exited: 0x0000029567b6b9d0
Event: 430271.371 Thread 0x0000029567b6f180 Thread added: 0x0000029567b6f180
Event: 430331.387 Thread 0x0000029567b6f180 Thread exited: 0x0000029567b6f180
Event: 434868.759 Thread 0x0000029567b6c900 Thread added: 0x0000029567b6c900
Event: 434928.774 Thread 0x0000029567b6c900 Thread exited: 0x0000029567b6c900


Dynamic libraries:
0x00007ff71b160000 - 0x00007ff71b16e000 	c:\Users\Utente\.vscode\extensions\redhat.java-1.25.1-win32-x64\jre\17.0.9-win32-x86_64\bin\java.exe
0x00007ffea5f10000 - 0x00007ffea6127000 	C:\Windows\SYSTEM32\ntdll.dll
0x00007ffea4cc0000 - 0x00007ffea4d84000 	C:\Windows\System32\KERNEL32.DLL
0x00007ffea36c0000 - 0x00007ffea3a66000 	C:\Windows\System32\KERNELBASE.dll
0x00007ffea3430000 - 0x00007ffea3541000 	C:\Windows\System32\ucrtbase.dll
0x00007ffe6e610000 - 0x00007ffe6e627000 	c:\Users\Utente\.vscode\extensions\redhat.java-1.25.1-win32-x64\jre\17.0.9-win32-x86_64\bin\jli.dll
0x00007ffe6e5f0000 - 0x00007ffe6e60b000 	c:\Users\Utente\.vscode\extensions\redhat.java-1.25.1-win32-x64\jre\17.0.9-win32-x86_64\bin\VCRUNTIME140.dll
0x00007ffea4040000 - 0x00007ffea41ee000 	C:\Windows\System32\USER32.dll
0x00007ffea3b10000 - 0x00007ffea3b36000 	C:\Windows\System32\win32u.dll
0x00007ffea5d10000 - 0x00007ffea5d39000 	C:\Windows\System32\GDI32.dll
0x00007ffea24d0000 - 0x00007ffea2763000 	C:\Windows\WinSxS\amd64_microsoft.windows.common-controls_6595b64144ccf1df_6.0.22621.2506_none_270c5ae97388e100\COMCTL32.dll
0x00007ffea3b40000 - 0x00007ffea3c58000 	C:\Windows\System32\gdi32full.dll
0x00007ffea3d60000 - 0x00007ffea3e07000 	C:\Windows\System32\msvcrt.dll
0x00007ffea3a70000 - 0x00007ffea3b0a000 	C:\Windows\System32\msvcp_win.dll
0x00007ffea4c70000 - 0x00007ffea4ca1000 	C:\Windows\System32\IMM32.DLL
0x000000006d0c0000 - 0x000000006d0cc000 	C:\Program Files (x86)\360\Total Security\safemon\SafeWrapper.dll
0x00007ffea5900000 - 0x00007ffea59b1000 	C:\Windows\System32\ADVAPI32.dll
0x00007ffea41f0000 - 0x00007ffea4295000 	C:\Windows\System32\sechost.dll
0x00007ffea57e0000 - 0x00007ffea58f7000 	C:\Windows\System32\RPCRT4.dll
0x00007ffe6e520000 - 0x00007ffe6e5b2000 	C:\Program Files (x86)\360\Total Security\safemon\libzdtp64.dll
0x00007ffea4e10000 - 0x00007ffea566a000 	C:\Windows\System32\SHELL32.dll
0x00007ffea5ca0000 - 0x00007ffea5cfe000 	C:\Windows\System32\SHLWAPI.dll
0x00007ffea2b10000 - 0x00007ffea2b1a000 	C:\Windows\SYSTEM32\VERSION.dll
0x00007ffe6e5e0000 - 0x00007ffe6e5ec000 	c:\Users\Utente\.vscode\extensions\redhat.java-1.25.1-win32-x64\jre\17.0.9-win32-x86_64\bin\vcruntime140_1.dll
0x00007ffe68350000 - 0x00007ffe683dd000 	c:\Users\Utente\.vscode\extensions\redhat.java-1.25.1-win32-x64\jre\17.0.9-win32-x86_64\bin\msvcp140.dll
0x00007ffe011b0000 - 0x00007ffe01e11000 	c:\Users\Utente\.vscode\extensions\redhat.java-1.25.1-win32-x64\jre\17.0.9-win32-x86_64\bin\server\jvm.dll
0x00007ffea2f50000 - 0x00007ffea2f9d000 	C:\Windows\SYSTEM32\POWRPROF.dll
0x00007ffe8c5c0000 - 0x00007ffe8c5c9000 	C:\Windows\SYSTEM32\WSOCK32.dll
0x00007ffe9b2c0000 - 0x00007ffe9b2f4000 	C:\Windows\SYSTEM32\WINMM.dll
0x00007ffea3ce0000 - 0x00007ffea3d51000 	C:\Windows\System32\WS2_32.dll
0x00007ffea2f30000 - 0x00007ffea2f43000 	C:\Windows\SYSTEM32\UMPDC.dll
0x00007ffea1910000 - 0x00007ffea1928000 	C:\Windows\SYSTEM32\kernel.appcore.dll
0x00007ffe6e510000 - 0x00007ffe6e51a000 	c:\Users\Utente\.vscode\extensions\redhat.java-1.25.1-win32-x64\jre\17.0.9-win32-x86_64\bin\jimage.dll
0x00007ffea2b20000 - 0x00007ffea2d53000 	C:\Windows\SYSTEM32\DBGHELP.DLL
0x00007ffea48e0000 - 0x00007ffea4c69000 	C:\Windows\System32\combase.dll
0x00007ffea5d40000 - 0x00007ffea5e17000 	C:\Windows\System32\OLEAUT32.dll
0x00007ffea29c0000 - 0x00007ffea29f2000 	C:\Windows\SYSTEM32\dbgcore.DLL
0x00007ffea3340000 - 0x00007ffea33ba000 	C:\Windows\System32\bcryptPrimitives.dll
0x00007ffe679a0000 - 0x00007ffe679c5000 	c:\Users\Utente\.vscode\extensions\redhat.java-1.25.1-win32-x64\jre\17.0.9-win32-x86_64\bin\java.dll
0x00007ffe6e5c0000 - 0x00007ffe6e5d8000 	c:\Users\Utente\.vscode\extensions\redhat.java-1.25.1-win32-x64\jre\17.0.9-win32-x86_64\bin\zip.dll
0x00007ffea06b0000 - 0x00007ffea0fa6000 	C:\Windows\SYSTEM32\windows.storage.dll
0x00007ffea0570000 - 0x00007ffea06ae000 	C:\Windows\SYSTEM32\wintypes.dll
0x00007ffea59c0000 - 0x00007ffea5ab3000 	C:\Windows\System32\SHCORE.dll
0x00007ffea31b0000 - 0x00007ffea31d6000 	C:\Windows\SYSTEM32\profapi.dll
0x00007ffe68330000 - 0x00007ffe68349000 	C:\Users\Utente\.vscode\extensions\redhat.java-1.25.1-win32-x64\jre\17.0.9-win32-x86_64\bin\net.dll
0x00007ffe9b700000 - 0x00007ffe9b837000 	C:\Windows\SYSTEM32\WINHTTP.dll
0x00007ffea1d40000 - 0x00007ffea1da9000 	C:\Windows\system32\mswsock.dll
0x00007ffe68310000 - 0x00007ffe68326000 	C:\Users\Utente\.vscode\extensions\redhat.java-1.25.1-win32-x64\jre\17.0.9-win32-x86_64\bin\nio.dll
0x00007ffea2e50000 - 0x00007ffea2e6b000 	C:\Windows\SYSTEM32\CRYPTSP.dll
0x00007ffea20d0000 - 0x00007ffea2105000 	C:\Windows\system32\rsaenh.dll
0x00007ffea1db0000 - 0x00007ffea1ddc000 	C:\Windows\SYSTEM32\USERENV.dll
0x00007ffea2a00000 - 0x00007ffea2a28000 	C:\Windows\SYSTEM32\bcrypt.dll
0x00007ffea20b0000 - 0x00007ffea20bc000 	C:\Windows\SYSTEM32\CRYPTBASE.dll
0x00007ffea1400000 - 0x00007ffea142d000 	C:\Windows\SYSTEM32\IPHLPAPI.DLL
0x00007ffea5670000 - 0x00007ffea5679000 	C:\Windows\System32\NSI.dll
0x00007ffe9b6a0000 - 0x00007ffe9b6b9000 	C:\Windows\SYSTEM32\dhcpcsvc6.DLL
0x00007ffe9b680000 - 0x00007ffe9b69f000 	C:\Windows\SYSTEM32\dhcpcsvc.DLL
0x00007ffea1480000 - 0x00007ffea1579000 	C:\Windows\SYSTEM32\DNSAPI.dll
0x00007ffe68300000 - 0x00007ffe68310000 	c:\Users\Utente\.vscode\extensions\redhat.java-1.25.1-win32-x64\jre\17.0.9-win32-x86_64\bin\verify.dll
0x00007ffe9bdf0000 - 0x00007ffe9bdf9000 	C:\Users\Utente\.vscode\extensions\redhat.java-1.25.1-win32-x64\jre\17.0.9-win32-x86_64\bin\management.dll
0x00007ffe9bde0000 - 0x00007ffe9bdeb000 	C:\Users\Utente\.vscode\extensions\redhat.java-1.25.1-win32-x64\jre\17.0.9-win32-x86_64\bin\management_ext.dll
0x00007ffea4cb0000 - 0x00007ffea4cb8000 	C:\Windows\System32\PSAPI.DLL
0x00007ffe9bd50000 - 0x00007ffe9bd5e000 	C:\Users\Utente\.vscode\extensions\redhat.java-1.25.1-win32-x64\jre\17.0.9-win32-x86_64\bin\sunmscapi.dll
0x00007ffea3550000 - 0x00007ffea36b6000 	C:\Windows\System32\CRYPT32.dll
0x00007ffea23a0000 - 0x00007ffea23cd000 	C:\Windows\SYSTEM32\ncrypt.dll
0x00007ffea2360000 - 0x00007ffea2397000 	C:\Windows\SYSTEM32\NTASN1.dll
0x00007ffe939a0000 - 0x00007ffe939aa000 	C:\Windows\System32\rasadhlp.dll
0x00007ffe98e10000 - 0x00007ffe98e93000 	C:\Windows\System32\fwpuclnt.dll

dbghelp: loaded successfully - version: 4.0.5 - missing functions: none
symbol engine: initialized successfully - sym options: 0x614 - pdb path: .;c:\Users\Utente\.vscode\extensions\redhat.java-1.25.1-win32-x64\jre\17.0.9-win32-x86_64\bin;C:\Windows\SYSTEM32;C:\Windows\WinSxS\amd64_microsoft.windows.common-controls_6595b64144ccf1df_6.0.22621.2506_none_270c5ae97388e100;C:\Program Files (x86)\360\Total Security\safemon;c:\Users\Utente\.vscode\extensions\redhat.java-1.25.1-win32-x64\jre\17.0.9-win32-x86_64\bin\server

VM Arguments:
jvm_args: -XX:+HeapDumpOnOutOfMemoryError -Xmx1024m -Dsts.lsp.client=vscode -Dsts.log.file=/dev/null -XX:TieredStopAtLevel=1 -Xlog:jni+resolve=off -Dspring.config.location=file:c:\Users\Utente\.vscode\extensions\vmware.vscode-spring-boot-1.51.0\language-server\BOOT-INF\classes\application.properties 
java_command: org.springframework.ide.vscode.boot.app.BootLanguageServerBootApp
java_class_path (initial): c:\Users\Utente\.vscode\extensions\vmware.vscode-spring-boot-1.51.0\language-server\BOOT-INF\classes;c:\Users\Utente\.vscode\extensions\vmware.vscode-spring-boot-1.51.0\language-server\BOOT-INF\lib\annotations-24.1.0.jar;c:\Users\Utente\.vscode\extensions\vmware.vscode-spring-boot-1.51.0\language-server\BOOT-INF\lib\antlr-runtime-3.5.3.jar;c:\Users\Utente\.vscode\extensions\vmware.vscode-spring-boot-1.51.0\language-server\BOOT-INF\lib\antlr4-4.11.1.jar;c:\Users\Utente\.vscode\extensions\vmware.vscode-spring-boot-1.51.0\language-server\BOOT-INF\lib\antlr4-runtime-4.11.1.jar;c:\Users\Utente\.vscode\extensions\vmware.vscode-spring-boot-1.51.0\language-server\BOOT-INF\lib\asm-9.6.jar;c:\Users\Utente\.vscode\extensions\vmware.vscode-spring-boot-1.51.0\language-server\BOOT-INF\lib\asm-analysis-9.6.jar;c:\Users\Utente\.vscode\extensions\vmware.vscode-spring-boot-1.51.0\language-server\BOOT-INF\lib\asm-tree-9.6.jar;c:\Users\Utente\.vscode\extensions\vmware.vscode-spring-boot-1.51.0\language-server\BOOT-INF\lib\asm-util-9.6.jar;c:\Users\Utente\.vscode\extensions\vmware.vscode-spring-boot-1.51.0\language-server\BOOT-INF\lib\bosh-language-server-1.51.0-SNAPSHOT.jar;c:\Users\Utente\.vscode\extensions\vmware.vscode-spring-boot-1.51.0\language-server\BOOT-INF\lib\caffeine-3.1.8.jar;c:\Users\Utente\.vscode\extensions\vmware.vscode-spring-boot-1.51.0\language-server\BOOT-INF\lib\checker-qual-3.12.0.jar;c:\Users\Utente\.vscode\extensions\vmware.vscode-spring-boot-1.51.0\language-server\BOOT-INF\lib\classgraph-4.8.149.jar;c:\Users\Utente\.vscode\extensions\vmware.vscode-spring-boot-1.51.0\language-server\BOOT-INF\lib\commons-codec-1.15.jar;c:\Users\Utente\.vscode\extensions\vmware.vscode-spring-boot-1.51.0\language-server\BOOT-INF\lib\commons-compress-1.25.0.jar;c:\Users\Utente\.vscode\extensions\vmware.vscode-spring-boot-1.51.0\language-server\BOOT-INF\lib\commons-io-2.4.jar;c:\Users\Utente\.vscode\extensions\vmware.vscode-spring-boot-1.51.0\language-ser
Launcher Type: SUN_STANDARD

[Global flags]
     intx CICompilerCount                          = 4                                         {product} {ergonomic}
     uint ConcGCThreads                            = 3                                         {product} {ergonomic}
     uint G1ConcRefinementThreads                  = 10                                        {product} {ergonomic}
   size_t G1HeapRegionSize                         = 1048576                                   {product} {ergonomic}
    uintx GCDrainStackTargetSize                   = 64                                        {product} {ergonomic}
     bool HeapDumpOnOutOfMemoryError               = true                                   {manageable} {command line}
   size_t InitialHeapSize                          = 232783872                                 {product} {ergonomic}
   size_t MarkStackSize                            = 4194304                                   {product} {ergonomic}
   size_t MaxHeapSize                              = 1073741824                                {product} {command line}
   size_t MaxNewSize                               = 643825664                                 {product} {ergonomic}
   size_t MinHeapDeltaBytes                        = 1048576                                   {product} {ergonomic}
   size_t MinHeapSize                              = 8388608                                   {product} {ergonomic}
    uintx NonProfiledCodeHeapSize                  = 0                                      {pd product} {ergonomic}
     bool ProfileInterpreter                       = false                                  {pd product} {command line}
    uintx ProfiledCodeHeapSize                     = 0                                      {pd product} {ergonomic}
   size_t SoftMaxHeapSize                          = 1073741824                             {manageable} {ergonomic}
     intx TieredStopAtLevel                        = 1                                         {product} {command line}
     bool UseCompressedClassPointers               = true                           {product lp64_product} {ergonomic}
     bool UseCompressedOops                        = true                           {product lp64_product} {ergonomic}
     bool UseG1GC                                  = true                                      {product} {ergonomic}
     bool UseLargePagesIndividualAllocation        = false                                  {pd product} {ergonomic}

Logging:
Log output configuration:
 #0: stdout all=warning,jni+resolve=off uptime,level,tags
 #1: stderr all=off uptime,level,tags

Environment Variables:
JAVA_HOME=C:\Program Files\Java\jdk-20
PATH=C:\Program Files\Java\jdk-20\bin;C:\Program Files\Common Files\Oracle\Java\javapath;C:\Program Files (x86)\Common Files\Oracle\Java\javapath;C:\Windows\system32;C:\Windows;C:\Windows\System32\Wbem;C:\Windows\System32\WindowsPowerShell\v1.0\;C:\Windows\System32\OpenSSH\;C:\Program Files\Docker\Docker\resources\bin;C:\Strawberry\c\bin;C:\Strawberry\perl\site\bin;C:\Strawberry\perl\bin;C:\Program Files\Git\cmd;C:\Program Files\nodejs\;;C:\Program Files\Git LFS;C:\Users\Utente\AppData\Local\Microsoft\WindowsApps;;C:\Users\Utente\AppData\Local\Programs\Microsoft VS Code\bin;C:\Users\Utente\AppData\Roaming\npm;C:\Program Files\JetBrains\IntelliJ IDEA 2023.2.3\bin;
USERNAME=Utente
OS=Windows_NT
PROCESSOR_IDENTIFIER=AMD64 Family 23 Model 104 Stepping 1, AuthenticAMD
TMP=C:\Users\Utente\AppData\Local\Temp
TEMP=C:\Users\Utente\AppData\Local\Temp



Periodic native trim disabled


---------------  S Y S T E M  ---------------

OS:
 Windows 11 , 64 bit Build 22621 (10.0.22621.2506)
OS uptime: 5 days 1:03 hours
Hyper-V role detected

CPU: total 12 (initial active 12) (12 cores per cpu, 2 threads per core) family 23 model 104 stepping 1 microcode 0x0, cx8, cmov, fxsr, ht, mmx, 3dnowpref, sse, sse2, sse3, ssse3, sse4a, sse4.1, sse4.2, popcnt, lzcnt, tsc, tscinvbit, avx, avx2, aes, clmul, bmi1, bmi2, adx, sha, fma, vzeroupper, clflush, clflushopt, hv
Processor Information for processor 0
  Max Mhz: 2100, Current Mhz: 2100, Mhz Limit: 2100
Processor Information for processor 1
  Max Mhz: 2100, Current Mhz: 1988, Mhz Limit: 2100
Processor Information for processor 2
  Max Mhz: 2100, Current Mhz: 2100, Mhz Limit: 2100
Processor Information for processor 3
  Max Mhz: 2100, Current Mhz: 1988, Mhz Limit: 2100
Processor Information for processor 4
  Max Mhz: 2100, Current Mhz: 1988, Mhz Limit: 2100
Processor Information for processor 5
  Max Mhz: 2100, Current Mhz: 1988, Mhz Limit: 2100
Processor Information for processor 6
  Max Mhz: 2100, Current Mhz: 1988, Mhz Limit: 2100
Processor Information for processor 7
  Max Mhz: 2100, Current Mhz: 1988, Mhz Limit: 2100
Processor Information for processor 8
  Max Mhz: 2100, Current Mhz: 1988, Mhz Limit: 2100
Processor Information for processor 9
  Max Mhz: 2100, Current Mhz: 1988, Mhz Limit: 2100
Processor Information for processor 10
  Max Mhz: 2100, Current Mhz: 1988, Mhz Limit: 2100
Processor Information for processor 11
  Max Mhz: 2100, Current Mhz: 2100, Mhz Limit: 2100

Memory: 4k page, system-wide physical 14197M (209M free)
TotalPageFile size 44628M (AvailPageFile size 11M)
current process WorkingSet (physical memory assigned to process): 178M, peak: 208M
current process commit charge ("private bytes"): 259M, peak: 336M

vm_info: OpenJDK 64-Bit Server VM (17.0.9+9) for windows-amd64 JRE (17.0.9+9), built on Oct 26 2023 14:01:42 by "admin" with MS VC++ 16.10 / 16.11 (VS2019)

END.
